Gramática

    0 $accept: program $end

    1 program: exp

    2 decs: dec decs
    3     | dec

    4 dec: tydecs
    5    | vardec
    6    | fundecs

    7 tydec: TYPE ID EQ ty

    8 tydecs: tydec
    9       | tydec tydecs

   10 ty: ID
   11   | LBRACE tyfields RBRACE
   12   | ARRAY OF ID

   13 tyfields: %empty
   14         | ID COLON ID
   15         | ID COLON ID COMMA tyfields

   16 vardec: VAR ID ASSIGN exp
   17       | VAR ID COLON ID ASSIGN exp

   18 fundec: FUNCTION ID LPAREN tyfields RPAREN EQ exp
   19       | FUNCTION ID LPAREN tyfields RPAREN COLON ID EQ exp

   20 fundecs: fundec
   21        | fundec fundecs

   22 lvalue: ID
   23       | lvalue DOT ID
   24       | ID LBRACK exp RBRACK
   25       | lvalue DOT ID LBRACK exp RBRACK

   26 exp: lvalue
   27    | BREAK
   28    | NIL
   29    | LPAREN explist RPAREN
   30    | INT
   31    | FLOAT
   32    | STRING
   33    | ID LPAREN paras RPAREN

   34 paras: %empty
   35      | exp
   36      | exp COMMA paras

   37 exp: exp PLUS exp
   38    | exp MINUS exp
   39    | exp TIMES exp
   40    | exp DIVIDE exp
   41    | MINUS exp
   42    | exp EQ exp
   43    | exp NEQ exp
   44    | exp GT exp
   45    | exp LT exp
   46    | exp GE exp
   47    | exp LE exp
   48    | exp AND exp
   49    | exp OR exp
   50    | ID LBRACE efields RBRACE

   51 efields: %empty
   52        | ID EQ exp
   53        | ID EQ exp COMMA efields

   54 exp: ID LBRACK exp RBRACK OF exp
   55    | IF exp THEN exp ELSE exp
   56    | IF exp THEN exp
   57    | lvalue ASSIGN exp
   58    | WHILE exp DO exp
   59    | FOR ID ASSIGN exp TO exp DO exp
   60    | LET decs IN explist END

   61 explist: %empty
   62        | exp
   63        | exp SEMICOLON explist


Terminais, com as regras onde eles aparecem

$end (0) 0
error (256)
ID <sval> (258) 7 10 12 14 15 16 17 18 19 22 23 24 25 33 50 52 53 54
    59
STRING <sval> (259) 32
INT <ival> (260) 30
FLOAT <fval> (261) 31
COMMA (262) 15 36 53
COLON (263) 14 15 17 19
SEMICOLON (264) 63
LPAREN (265) 18 19 29 33
RPAREN (266) 18 19 29 33
LBRACK (267) 24 25 54
RBRACK (268) 24 25 54
LBRACE (269) 11 50
RBRACE (270) 11 50
DOT (271) 23 25
PLUS (272) 37
MINUS (273) 38 41
TIMES (274) 39
DIVIDE (275) 40
EQ (276) 7 18 19 42 52 53
NEQ (277) 43
LT (278) 45
LE (279) 47
GT (280) 44
GE (281) 46
AND (282) 48
OR (283) 49
ASSIGN (284) 16 17 57 59
ARRAY (285) 12
IF (286) 55 56
THEN (287) 55 56
ELSE (288) 55
WHILE (289) 58
FOR (290) 59
TO (291) 59
DO (292) 58 59
LET (293) 60
IN (294) 60
END (295) 60
OF (296) 12 54
BREAK (297) 27
NIL (298) 28
FUNCTION (299) 18 19
VAR (300) 16 17
TYPE (301) 7
LOW (302)
UMINUS (303)


Não terminais com as regras onde eles aparecem

$accept (49)
    à esquerda: 0
program <exp> (50)
    à esquerda: 1, à direita: 0
decs <decs> (51)
    à esquerda: 2 3, à direita: 2 60
dec <dec> (52)
    à esquerda: 4 5 6, à direita: 2 3
tydec <namety> (53)
    à esquerda: 7, à direita: 8 9
tydecs <nametys> (54)
    à esquerda: 8 9, à direita: 4 9
ty <ty> (55)
    à esquerda: 10 11 12, à direita: 7
tyfields <fields> (56)
    à esquerda: 13 14 15, à direita: 11 15 18 19
vardec <dec> (57)
    à esquerda: 16 17, à direita: 5
fundec <fundec> (58)
    à esquerda: 18 19, à direita: 20 21
fundecs <fundecs> (59)
    à esquerda: 20 21, à direita: 6 21
lvalue <var> (60)
    à esquerda: 22 23 24 25, à direita: 23 25 26 57
exp <exp> (61)
    à esquerda: 26 27 28 29 30 31 32 33 37 38 39 40 41 42 43 44 45
    46 47 48 49 50 54 55 56 57 58 59 60, à direita: 1 16 17 18 19
    24 25 35 36 37 38 39 40 41 42 43 44 45 46 47 48 49 52 53 54 55
    56 57 58 59 62 63
paras <exps> (62)
    à esquerda: 34 35 36, à direita: 33 36
efields <efields> (63)
    à esquerda: 51 52 53, à direita: 50 53
explist <exps> (64)
    à esquerda: 61 62 63, à direita: 29 60 63


Estado 0

    0 $accept: . program $end

    ID      deslocar, e ir ao estado 1
    STRING  deslocar, e ir ao estado 2
    INT     deslocar, e ir ao estado 3
    FLOAT   deslocar, e ir ao estado 4
    LPAREN  deslocar, e ir ao estado 5
    MINUS   deslocar, e ir ao estado 6
    IF      deslocar, e ir ao estado 7
    WHILE   deslocar, e ir ao estado 8
    FOR     deslocar, e ir ao estado 9
    LET     deslocar, e ir ao estado 10
    BREAK   deslocar, e ir ao estado 11
    NIL     deslocar, e ir ao estado 12

    program  ir ao estado 13
    lvalue   ir ao estado 14
    exp      ir ao estado 15


Estado 1

   22 lvalue: ID .
   24       | ID . LBRACK exp RBRACK
   33 exp: ID . LPAREN paras RPAREN
   50    | ID . LBRACE efields RBRACE
   54    | ID . LBRACK exp RBRACK OF exp

    LPAREN  deslocar, e ir ao estado 16
    LBRACK  deslocar, e ir ao estado 17
    LBRACE  deslocar, e ir ao estado 18

    $padrão  reduzir usando a regra 22 (lvalue)


Estado 2

   32 exp: STRING .

    $padrão  reduzir usando a regra 32 (exp)


Estado 3

   30 exp: INT .

    $padrão  reduzir usando a regra 30 (exp)


Estado 4

   31 exp: FLOAT .

    $padrão  reduzir usando a regra 31 (exp)


Estado 5

   29 exp: LPAREN . explist RPAREN

    ID      deslocar, e ir ao estado 1
    STRING  deslocar, e ir ao estado 2
    INT     deslocar, e ir ao estado 3
    FLOAT   deslocar, e ir ao estado 4
    LPAREN  deslocar, e ir ao estado 5
    MINUS   deslocar, e ir ao estado 6
    IF      deslocar, e ir ao estado 7
    WHILE   deslocar, e ir ao estado 8
    FOR     deslocar, e ir ao estado 9
    LET     deslocar, e ir ao estado 10
    BREAK   deslocar, e ir ao estado 11
    NIL     deslocar, e ir ao estado 12

    $padrão  reduzir usando a regra 61 (explist)

    lvalue   ir ao estado 14
    exp      ir ao estado 19
    explist  ir ao estado 20


Estado 6

   41 exp: MINUS . exp

    ID      deslocar, e ir ao estado 1
    STRING  deslocar, e ir ao estado 2
    INT     deslocar, e ir ao estado 3
    FLOAT   deslocar, e ir ao estado 4
    LPAREN  deslocar, e ir ao estado 5
    MINUS   deslocar, e ir ao estado 6
    IF      deslocar, e ir ao estado 7
    WHILE   deslocar, e ir ao estado 8
    FOR     deslocar, e ir ao estado 9
    LET     deslocar, e ir ao estado 10
    BREAK   deslocar, e ir ao estado 11
    NIL     deslocar, e ir ao estado 12

    lvalue  ir ao estado 14
    exp     ir ao estado 21


Estado 7

   55 exp: IF . exp THEN exp ELSE exp
   56    | IF . exp THEN exp

    ID      deslocar, e ir ao estado 1
    STRING  deslocar, e ir ao estado 2
    INT     deslocar, e ir ao estado 3
    FLOAT   deslocar, e ir ao estado 4
    LPAREN  deslocar, e ir ao estado 5
    MINUS   deslocar, e ir ao estado 6
    IF      deslocar, e ir ao estado 7
    WHILE   deslocar, e ir ao estado 8
    FOR     deslocar, e ir ao estado 9
    LET     deslocar, e ir ao estado 10
    BREAK   deslocar, e ir ao estado 11
    NIL     deslocar, e ir ao estado 12

    lvalue  ir ao estado 14
    exp     ir ao estado 22


Estado 8

   58 exp: WHILE . exp DO exp

    ID      deslocar, e ir ao estado 1
    STRING  deslocar, e ir ao estado 2
    INT     deslocar, e ir ao estado 3
    FLOAT   deslocar, e ir ao estado 4
    LPAREN  deslocar, e ir ao estado 5
    MINUS   deslocar, e ir ao estado 6
    IF      deslocar, e ir ao estado 7
    WHILE   deslocar, e ir ao estado 8
    FOR     deslocar, e ir ao estado 9
    LET     deslocar, e ir ao estado 10
    BREAK   deslocar, e ir ao estado 11
    NIL     deslocar, e ir ao estado 12

    lvalue  ir ao estado 14
    exp     ir ao estado 23


Estado 9

   59 exp: FOR . ID ASSIGN exp TO exp DO exp

    ID  deslocar, e ir ao estado 24


Estado 10

   60 exp: LET . decs IN explist END

    FUNCTION  deslocar, e ir ao estado 25
    VAR       deslocar, e ir ao estado 26
    TYPE      deslocar, e ir ao estado 27

    decs     ir ao estado 28
    dec      ir ao estado 29
    tydec    ir ao estado 30
    tydecs   ir ao estado 31
    vardec   ir ao estado 32
    fundec   ir ao estado 33
    fundecs  ir ao estado 34


Estado 11

   27 exp: BREAK .

    $padrão  reduzir usando a regra 27 (exp)


Estado 12

   28 exp: NIL .

    $padrão  reduzir usando a regra 28 (exp)


Estado 13

    0 $accept: program . $end

    $end  deslocar, e ir ao estado 35


Estado 14

   23 lvalue: lvalue . DOT ID
   25       | lvalue . DOT ID LBRACK exp RBRACK
   26 exp: lvalue .
   57    | lvalue . ASSIGN exp

    DOT     deslocar, e ir ao estado 36
    ASSIGN  deslocar, e ir ao estado 37

    $padrão  reduzir usando a regra 26 (exp)


Estado 15

    1 program: exp .
   37 exp: exp . PLUS exp
   38    | exp . MINUS exp
   39    | exp . TIMES exp
   40    | exp . DIVIDE exp
   42    | exp . EQ exp
   43    | exp . NEQ exp
   44    | exp . GT exp
   45    | exp . LT exp
   46    | exp . GE exp
   47    | exp . LE exp
   48    | exp . AND exp
   49    | exp . OR exp

    PLUS    deslocar, e ir ao estado 38
    MINUS   deslocar, e ir ao estado 39
    TIMES   deslocar, e ir ao estado 40
    DIVIDE  deslocar, e ir ao estado 41
    EQ      deslocar, e ir ao estado 42
    NEQ     deslocar, e ir ao estado 43
    LT      deslocar, e ir ao estado 44
    LE      deslocar, e ir ao estado 45
    GT      deslocar, e ir ao estado 46
    GE      deslocar, e ir ao estado 47
    AND     deslocar, e ir ao estado 48
    OR      deslocar, e ir ao estado 49

    $padrão  reduzir usando a regra 1 (program)


Estado 16

   33 exp: ID LPAREN . paras RPAREN

    ID      deslocar, e ir ao estado 1
    STRING  deslocar, e ir ao estado 2
    INT     deslocar, e ir ao estado 3
    FLOAT   deslocar, e ir ao estado 4
    LPAREN  deslocar, e ir ao estado 5
    MINUS   deslocar, e ir ao estado 6
    IF      deslocar, e ir ao estado 7
    WHILE   deslocar, e ir ao estado 8
    FOR     deslocar, e ir ao estado 9
    LET     deslocar, e ir ao estado 10
    BREAK   deslocar, e ir ao estado 11
    NIL     deslocar, e ir ao estado 12

    $padrão  reduzir usando a regra 34 (paras)

    lvalue  ir ao estado 14
    exp     ir ao estado 50
    paras   ir ao estado 51


Estado 17

   24 lvalue: ID LBRACK . exp RBRACK
   54 exp: ID LBRACK . exp RBRACK OF exp

    ID      deslocar, e ir ao estado 1
    STRING  deslocar, e ir ao estado 2
    INT     deslocar, e ir ao estado 3
    FLOAT   deslocar, e ir ao estado 4
    LPAREN  deslocar, e ir ao estado 5
    MINUS   deslocar, e ir ao estado 6
    IF      deslocar, e ir ao estado 7
    WHILE   deslocar, e ir ao estado 8
    FOR     deslocar, e ir ao estado 9
    LET     deslocar, e ir ao estado 10
    BREAK   deslocar, e ir ao estado 11
    NIL     deslocar, e ir ao estado 12

    lvalue  ir ao estado 14
    exp     ir ao estado 52


Estado 18

   50 exp: ID LBRACE . efields RBRACE

    ID  deslocar, e ir ao estado 53

    $padrão  reduzir usando a regra 51 (efields)

    efields  ir ao estado 54


Estado 19

   37 exp: exp . PLUS exp
   38    | exp . MINUS exp
   39    | exp . TIMES exp
   40    | exp . DIVIDE exp
   42    | exp . EQ exp
   43    | exp . NEQ exp
   44    | exp . GT exp
   45    | exp . LT exp
   46    | exp . GE exp
   47    | exp . LE exp
   48    | exp . AND exp
   49    | exp . OR exp
   62 explist: exp .
   63        | exp . SEMICOLON explist

    SEMICOLON  deslocar, e ir ao estado 55
    PLUS       deslocar, e ir ao estado 38
    MINUS      deslocar, e ir ao estado 39
    TIMES      deslocar, e ir ao estado 40
    DIVIDE     deslocar, e ir ao estado 41
    EQ         deslocar, e ir ao estado 42
    NEQ        deslocar, e ir ao estado 43
    LT         deslocar, e ir ao estado 44
    LE         deslocar, e ir ao estado 45
    GT         deslocar, e ir ao estado 46
    GE         deslocar, e ir ao estado 47
    AND        deslocar, e ir ao estado 48
    OR         deslocar, e ir ao estado 49

    $padrão  reduzir usando a regra 62 (explist)


Estado 20

   29 exp: LPAREN explist . RPAREN

    RPAREN  deslocar, e ir ao estado 56


Estado 21

   37 exp: exp . PLUS exp
   38    | exp . MINUS exp
   39    | exp . TIMES exp
   40    | exp . DIVIDE exp
   41    | MINUS exp .
   42    | exp . EQ exp
   43    | exp . NEQ exp
   44    | exp . GT exp
   45    | exp . LT exp
   46    | exp . GE exp
   47    | exp . LE exp
   48    | exp . AND exp
   49    | exp . OR exp

    $padrão  reduzir usando a regra 41 (exp)


Estado 22

   37 exp: exp . PLUS exp
   38    | exp . MINUS exp
   39    | exp . TIMES exp
   40    | exp . DIVIDE exp
   42    | exp . EQ exp
   43    | exp . NEQ exp
   44    | exp . GT exp
   45    | exp . LT exp
   46    | exp . GE exp
   47    | exp . LE exp
   48    | exp . AND exp
   49    | exp . OR exp
   55    | IF exp . THEN exp ELSE exp
   56    | IF exp . THEN exp

    PLUS    deslocar, e ir ao estado 38
    MINUS   deslocar, e ir ao estado 39
    TIMES   deslocar, e ir ao estado 40
    DIVIDE  deslocar, e ir ao estado 41
    EQ      deslocar, e ir ao estado 42
    NEQ     deslocar, e ir ao estado 43
    LT      deslocar, e ir ao estado 44
    LE      deslocar, e ir ao estado 45
    GT      deslocar, e ir ao estado 46
    GE      deslocar, e ir ao estado 47
    AND     deslocar, e ir ao estado 48
    OR      deslocar, e ir ao estado 49
    THEN    deslocar, e ir ao estado 57


Estado 23

   37 exp: exp . PLUS exp
   38    | exp . MINUS exp
   39    | exp . TIMES exp
   40    | exp . DIVIDE exp
   42    | exp . EQ exp
   43    | exp . NEQ exp
   44    | exp . GT exp
   45    | exp . LT exp
   46    | exp . GE exp
   47    | exp . LE exp
   48    | exp . AND exp
   49    | exp . OR exp
   58    | WHILE exp . DO exp

    PLUS    deslocar, e ir ao estado 38
    MINUS   deslocar, e ir ao estado 39
    TIMES   deslocar, e ir ao estado 40
    DIVIDE  deslocar, e ir ao estado 41
    EQ      deslocar, e ir ao estado 42
    NEQ     deslocar, e ir ao estado 43
    LT      deslocar, e ir ao estado 44
    LE      deslocar, e ir ao estado 45
    GT      deslocar, e ir ao estado 46
    GE      deslocar, e ir ao estado 47
    AND     deslocar, e ir ao estado 48
    OR      deslocar, e ir ao estado 49
    DO      deslocar, e ir ao estado 58


Estado 24

   59 exp: FOR ID . ASSIGN exp TO exp DO exp

    ASSIGN  deslocar, e ir ao estado 59


Estado 25

   18 fundec: FUNCTION . ID LPAREN tyfields RPAREN EQ exp
   19       | FUNCTION . ID LPAREN tyfields RPAREN COLON ID EQ exp

    ID  deslocar, e ir ao estado 60


Estado 26

   16 vardec: VAR . ID ASSIGN exp
   17       | VAR . ID COLON ID ASSIGN exp

    ID  deslocar, e ir ao estado 61


Estado 27

    7 tydec: TYPE . ID EQ ty

    ID  deslocar, e ir ao estado 62


Estado 28

   60 exp: LET decs . IN explist END

    IN  deslocar, e ir ao estado 63


Estado 29

    2 decs: dec . decs
    3     | dec .

    FUNCTION  deslocar, e ir ao estado 25
    VAR       deslocar, e ir ao estado 26
    TYPE      deslocar, e ir ao estado 27

    $padrão  reduzir usando a regra 3 (decs)

    decs     ir ao estado 64
    dec      ir ao estado 29
    tydec    ir ao estado 30
    tydecs   ir ao estado 31
    vardec   ir ao estado 32
    fundec   ir ao estado 33
    fundecs  ir ao estado 34


Estado 30

    8 tydecs: tydec .
    9       | tydec . tydecs

    TYPE  deslocar, e ir ao estado 27

    $padrão  reduzir usando a regra 8 (tydecs)

    tydec   ir ao estado 30
    tydecs  ir ao estado 65


Estado 31

    4 dec: tydecs .

    $padrão  reduzir usando a regra 4 (dec)


Estado 32

    5 dec: vardec .

    $padrão  reduzir usando a regra 5 (dec)


Estado 33

   20 fundecs: fundec .
   21        | fundec . fundecs

    FUNCTION  deslocar, e ir ao estado 25

    $padrão  reduzir usando a regra 20 (fundecs)

    fundec   ir ao estado 33
    fundecs  ir ao estado 66


Estado 34

    6 dec: fundecs .

    $padrão  reduzir usando a regra 6 (dec)


Estado 35

    0 $accept: program $end .

    $padrão  aceitar


Estado 36

   23 lvalue: lvalue DOT . ID
   25       | lvalue DOT . ID LBRACK exp RBRACK

    ID  deslocar, e ir ao estado 67


Estado 37

   57 exp: lvalue ASSIGN . exp

    ID      deslocar, e ir ao estado 1
    STRING  deslocar, e ir ao estado 2
    INT     deslocar, e ir ao estado 3
    FLOAT   deslocar, e ir ao estado 4
    LPAREN  deslocar, e ir ao estado 5
    MINUS   deslocar, e ir ao estado 6
    IF      deslocar, e ir ao estado 7
    WHILE   deslocar, e ir ao estado 8
    FOR     deslocar, e ir ao estado 9
    LET     deslocar, e ir ao estado 10
    BREAK   deslocar, e ir ao estado 11
    NIL     deslocar, e ir ao estado 12

    lvalue  ir ao estado 14
    exp     ir ao estado 68


Estado 38

   37 exp: exp PLUS . exp

    ID      deslocar, e ir ao estado 1
    STRING  deslocar, e ir ao estado 2
    INT     deslocar, e ir ao estado 3
    FLOAT   deslocar, e ir ao estado 4
    LPAREN  deslocar, e ir ao estado 5
    MINUS   deslocar, e ir ao estado 6
    IF      deslocar, e ir ao estado 7
    WHILE   deslocar, e ir ao estado 8
    FOR     deslocar, e ir ao estado 9
    LET     deslocar, e ir ao estado 10
    BREAK   deslocar, e ir ao estado 11
    NIL     deslocar, e ir ao estado 12

    lvalue  ir ao estado 14
    exp     ir ao estado 69


Estado 39

   38 exp: exp MINUS . exp

    ID      deslocar, e ir ao estado 1
    STRING  deslocar, e ir ao estado 2
    INT     deslocar, e ir ao estado 3
    FLOAT   deslocar, e ir ao estado 4
    LPAREN  deslocar, e ir ao estado 5
    MINUS   deslocar, e ir ao estado 6
    IF      deslocar, e ir ao estado 7
    WHILE   deslocar, e ir ao estado 8
    FOR     deslocar, e ir ao estado 9
    LET     deslocar, e ir ao estado 10
    BREAK   deslocar, e ir ao estado 11
    NIL     deslocar, e ir ao estado 12

    lvalue  ir ao estado 14
    exp     ir ao estado 70


Estado 40

   39 exp: exp TIMES . exp

    ID      deslocar, e ir ao estado 1
    STRING  deslocar, e ir ao estado 2
    INT     deslocar, e ir ao estado 3
    FLOAT   deslocar, e ir ao estado 4
    LPAREN  deslocar, e ir ao estado 5
    MINUS   deslocar, e ir ao estado 6
    IF      deslocar, e ir ao estado 7
    WHILE   deslocar, e ir ao estado 8
    FOR     deslocar, e ir ao estado 9
    LET     deslocar, e ir ao estado 10
    BREAK   deslocar, e ir ao estado 11
    NIL     deslocar, e ir ao estado 12

    lvalue  ir ao estado 14
    exp     ir ao estado 71


Estado 41

   40 exp: exp DIVIDE . exp

    ID      deslocar, e ir ao estado 1
    STRING  deslocar, e ir ao estado 2
    INT     deslocar, e ir ao estado 3
    FLOAT   deslocar, e ir ao estado 4
    LPAREN  deslocar, e ir ao estado 5
    MINUS   deslocar, e ir ao estado 6
    IF      deslocar, e ir ao estado 7
    WHILE   deslocar, e ir ao estado 8
    FOR     deslocar, e ir ao estado 9
    LET     deslocar, e ir ao estado 10
    BREAK   deslocar, e ir ao estado 11
    NIL     deslocar, e ir ao estado 12

    lvalue  ir ao estado 14
    exp     ir ao estado 72


Estado 42

   42 exp: exp EQ . exp

    ID      deslocar, e ir ao estado 1
    STRING  deslocar, e ir ao estado 2
    INT     deslocar, e ir ao estado 3
    FLOAT   deslocar, e ir ao estado 4
    LPAREN  deslocar, e ir ao estado 5
    MINUS   deslocar, e ir ao estado 6
    IF      deslocar, e ir ao estado 7
    WHILE   deslocar, e ir ao estado 8
    FOR     deslocar, e ir ao estado 9
    LET     deslocar, e ir ao estado 10
    BREAK   deslocar, e ir ao estado 11
    NIL     deslocar, e ir ao estado 12

    lvalue  ir ao estado 14
    exp     ir ao estado 73


Estado 43

   43 exp: exp NEQ . exp

    ID      deslocar, e ir ao estado 1
    STRING  deslocar, e ir ao estado 2
    INT     deslocar, e ir ao estado 3
    FLOAT   deslocar, e ir ao estado 4
    LPAREN  deslocar, e ir ao estado 5
    MINUS   deslocar, e ir ao estado 6
    IF      deslocar, e ir ao estado 7
    WHILE   deslocar, e ir ao estado 8
    FOR     deslocar, e ir ao estado 9
    LET     deslocar, e ir ao estado 10
    BREAK   deslocar, e ir ao estado 11
    NIL     deslocar, e ir ao estado 12

    lvalue  ir ao estado 14
    exp     ir ao estado 74


Estado 44

   45 exp: exp LT . exp

    ID      deslocar, e ir ao estado 1
    STRING  deslocar, e ir ao estado 2
    INT     deslocar, e ir ao estado 3
    FLOAT   deslocar, e ir ao estado 4
    LPAREN  deslocar, e ir ao estado 5
    MINUS   deslocar, e ir ao estado 6
    IF      deslocar, e ir ao estado 7
    WHILE   deslocar, e ir ao estado 8
    FOR     deslocar, e ir ao estado 9
    LET     deslocar, e ir ao estado 10
    BREAK   deslocar, e ir ao estado 11
    NIL     deslocar, e ir ao estado 12

    lvalue  ir ao estado 14
    exp     ir ao estado 75


Estado 45

   47 exp: exp LE . exp

    ID      deslocar, e ir ao estado 1
    STRING  deslocar, e ir ao estado 2
    INT     deslocar, e ir ao estado 3
    FLOAT   deslocar, e ir ao estado 4
    LPAREN  deslocar, e ir ao estado 5
    MINUS   deslocar, e ir ao estado 6
    IF      deslocar, e ir ao estado 7
    WHILE   deslocar, e ir ao estado 8
    FOR     deslocar, e ir ao estado 9
    LET     deslocar, e ir ao estado 10
    BREAK   deslocar, e ir ao estado 11
    NIL     deslocar, e ir ao estado 12

    lvalue  ir ao estado 14
    exp     ir ao estado 76


Estado 46

   44 exp: exp GT . exp

    ID      deslocar, e ir ao estado 1
    STRING  deslocar, e ir ao estado 2
    INT     deslocar, e ir ao estado 3
    FLOAT   deslocar, e ir ao estado 4
    LPAREN  deslocar, e ir ao estado 5
    MINUS   deslocar, e ir ao estado 6
    IF      deslocar, e ir ao estado 7
    WHILE   deslocar, e ir ao estado 8
    FOR     deslocar, e ir ao estado 9
    LET     deslocar, e ir ao estado 10
    BREAK   deslocar, e ir ao estado 11
    NIL     deslocar, e ir ao estado 12

    lvalue  ir ao estado 14
    exp     ir ao estado 77


Estado 47

   46 exp: exp GE . exp

    ID      deslocar, e ir ao estado 1
    STRING  deslocar, e ir ao estado 2
    INT     deslocar, e ir ao estado 3
    FLOAT   deslocar, e ir ao estado 4
    LPAREN  deslocar, e ir ao estado 5
    MINUS   deslocar, e ir ao estado 6
    IF      deslocar, e ir ao estado 7
    WHILE   deslocar, e ir ao estado 8
    FOR     deslocar, e ir ao estado 9
    LET     deslocar, e ir ao estado 10
    BREAK   deslocar, e ir ao estado 11
    NIL     deslocar, e ir ao estado 12

    lvalue  ir ao estado 14
    exp     ir ao estado 78


Estado 48

   48 exp: exp AND . exp

    ID      deslocar, e ir ao estado 1
    STRING  deslocar, e ir ao estado 2
    INT     deslocar, e ir ao estado 3
    FLOAT   deslocar, e ir ao estado 4
    LPAREN  deslocar, e ir ao estado 5
    MINUS   deslocar, e ir ao estado 6
    IF      deslocar, e ir ao estado 7
    WHILE   deslocar, e ir ao estado 8
    FOR     deslocar, e ir ao estado 9
    LET     deslocar, e ir ao estado 10
    BREAK   deslocar, e ir ao estado 11
    NIL     deslocar, e ir ao estado 12

    lvalue  ir ao estado 14
    exp     ir ao estado 79


Estado 49

   49 exp: exp OR . exp

    ID      deslocar, e ir ao estado 1
    STRING  deslocar, e ir ao estado 2
    INT     deslocar, e ir ao estado 3
    FLOAT   deslocar, e ir ao estado 4
    LPAREN  deslocar, e ir ao estado 5
    MINUS   deslocar, e ir ao estado 6
    IF      deslocar, e ir ao estado 7
    WHILE   deslocar, e ir ao estado 8
    FOR     deslocar, e ir ao estado 9
    LET     deslocar, e ir ao estado 10
    BREAK   deslocar, e ir ao estado 11
    NIL     deslocar, e ir ao estado 12

    lvalue  ir ao estado 14
    exp     ir ao estado 80


Estado 50

   35 paras: exp .
   36      | exp . COMMA paras
   37 exp: exp . PLUS exp
   38    | exp . MINUS exp
   39    | exp . TIMES exp
   40    | exp . DIVIDE exp
   42    | exp . EQ exp
   43    | exp . NEQ exp
   44    | exp . GT exp
   45    | exp . LT exp
   46    | exp . GE exp
   47    | exp . LE exp
   48    | exp . AND exp
   49    | exp . OR exp

    COMMA   deslocar, e ir ao estado 81
    PLUS    deslocar, e ir ao estado 38
    MINUS   deslocar, e ir ao estado 39
    TIMES   deslocar, e ir ao estado 40
    DIVIDE  deslocar, e ir ao estado 41
    EQ      deslocar, e ir ao estado 42
    NEQ     deslocar, e ir ao estado 43
    LT      deslocar, e ir ao estado 44
    LE      deslocar, e ir ao estado 45
    GT      deslocar, e ir ao estado 46
    GE      deslocar, e ir ao estado 47
    AND     deslocar, e ir ao estado 48
    OR      deslocar, e ir ao estado 49

    $padrão  reduzir usando a regra 35 (paras)


Estado 51

   33 exp: ID LPAREN paras . RPAREN

    RPAREN  deslocar, e ir ao estado 82


Estado 52

   24 lvalue: ID LBRACK exp . RBRACK
   37 exp: exp . PLUS exp
   38    | exp . MINUS exp
   39    | exp . TIMES exp
   40    | exp . DIVIDE exp
   42    | exp . EQ exp
   43    | exp . NEQ exp
   44    | exp . GT exp
   45    | exp . LT exp
   46    | exp . GE exp
   47    | exp . LE exp
   48    | exp . AND exp
   49    | exp . OR exp
   54    | ID LBRACK exp . RBRACK OF exp

    RBRACK  deslocar, e ir ao estado 83
    PLUS    deslocar, e ir ao estado 38
    MINUS   deslocar, e ir ao estado 39
    TIMES   deslocar, e ir ao estado 40
    DIVIDE  deslocar, e ir ao estado 41
    EQ      deslocar, e ir ao estado 42
    NEQ     deslocar, e ir ao estado 43
    LT      deslocar, e ir ao estado 44
    LE      deslocar, e ir ao estado 45
    GT      deslocar, e ir ao estado 46
    GE      deslocar, e ir ao estado 47
    AND     deslocar, e ir ao estado 48
    OR      deslocar, e ir ao estado 49


Estado 53

   52 efields: ID . EQ exp
   53        | ID . EQ exp COMMA efields

    EQ  deslocar, e ir ao estado 84


Estado 54

   50 exp: ID LBRACE efields . RBRACE

    RBRACE  deslocar, e ir ao estado 85


Estado 55

   63 explist: exp SEMICOLON . explist

    ID      deslocar, e ir ao estado 1
    STRING  deslocar, e ir ao estado 2
    INT     deslocar, e ir ao estado 3
    FLOAT   deslocar, e ir ao estado 4
    LPAREN  deslocar, e ir ao estado 5
    MINUS   deslocar, e ir ao estado 6
    IF      deslocar, e ir ao estado 7
    WHILE   deslocar, e ir ao estado 8
    FOR     deslocar, e ir ao estado 9
    LET     deslocar, e ir ao estado 10
    BREAK   deslocar, e ir ao estado 11
    NIL     deslocar, e ir ao estado 12

    $padrão  reduzir usando a regra 61 (explist)

    lvalue   ir ao estado 14
    exp      ir ao estado 19
    explist  ir ao estado 86


Estado 56

   29 exp: LPAREN explist RPAREN .

    $padrão  reduzir usando a regra 29 (exp)


Estado 57

   55 exp: IF exp THEN . exp ELSE exp
   56    | IF exp THEN . exp

    ID      deslocar, e ir ao estado 1
    STRING  deslocar, e ir ao estado 2
    INT     deslocar, e ir ao estado 3
    FLOAT   deslocar, e ir ao estado 4
    LPAREN  deslocar, e ir ao estado 5
    MINUS   deslocar, e ir ao estado 6
    IF      deslocar, e ir ao estado 7
    WHILE   deslocar, e ir ao estado 8
    FOR     deslocar, e ir ao estado 9
    LET     deslocar, e ir ao estado 10
    BREAK   deslocar, e ir ao estado 11
    NIL     deslocar, e ir ao estado 12

    lvalue  ir ao estado 14
    exp     ir ao estado 87


Estado 58

   58 exp: WHILE exp DO . exp

    ID      deslocar, e ir ao estado 1
    STRING  deslocar, e ir ao estado 2
    INT     deslocar, e ir ao estado 3
    FLOAT   deslocar, e ir ao estado 4
    LPAREN  deslocar, e ir ao estado 5
    MINUS   deslocar, e ir ao estado 6
    IF      deslocar, e ir ao estado 7
    WHILE   deslocar, e ir ao estado 8
    FOR     deslocar, e ir ao estado 9
    LET     deslocar, e ir ao estado 10
    BREAK   deslocar, e ir ao estado 11
    NIL     deslocar, e ir ao estado 12

    lvalue  ir ao estado 14
    exp     ir ao estado 88


Estado 59

   59 exp: FOR ID ASSIGN . exp TO exp DO exp

    ID      deslocar, e ir ao estado 1
    STRING  deslocar, e ir ao estado 2
    INT     deslocar, e ir ao estado 3
    FLOAT   deslocar, e ir ao estado 4
    LPAREN  deslocar, e ir ao estado 5
    MINUS   deslocar, e ir ao estado 6
    IF      deslocar, e ir ao estado 7
    WHILE   deslocar, e ir ao estado 8
    FOR     deslocar, e ir ao estado 9
    LET     deslocar, e ir ao estado 10
    BREAK   deslocar, e ir ao estado 11
    NIL     deslocar, e ir ao estado 12

    lvalue  ir ao estado 14
    exp     ir ao estado 89


Estado 60

   18 fundec: FUNCTION ID . LPAREN tyfields RPAREN EQ exp
   19       | FUNCTION ID . LPAREN tyfields RPAREN COLON ID EQ exp

    LPAREN  deslocar, e ir ao estado 90


Estado 61

   16 vardec: VAR ID . ASSIGN exp
   17       | VAR ID . COLON ID ASSIGN exp

    COLON   deslocar, e ir ao estado 91
    ASSIGN  deslocar, e ir ao estado 92


Estado 62

    7 tydec: TYPE ID . EQ ty

    EQ  deslocar, e ir ao estado 93


Estado 63

   60 exp: LET decs IN . explist END

    ID      deslocar, e ir ao estado 1
    STRING  deslocar, e ir ao estado 2
    INT     deslocar, e ir ao estado 3
    FLOAT   deslocar, e ir ao estado 4
    LPAREN  deslocar, e ir ao estado 5
    MINUS   deslocar, e ir ao estado 6
    IF      deslocar, e ir ao estado 7
    WHILE   deslocar, e ir ao estado 8
    FOR     deslocar, e ir ao estado 9
    LET     deslocar, e ir ao estado 10
    BREAK   deslocar, e ir ao estado 11
    NIL     deslocar, e ir ao estado 12

    $padrão  reduzir usando a regra 61 (explist)

    lvalue   ir ao estado 14
    exp      ir ao estado 19
    explist  ir ao estado 94


Estado 64

    2 decs: dec decs .

    $padrão  reduzir usando a regra 2 (decs)


Estado 65

    9 tydecs: tydec tydecs .

    $padrão  reduzir usando a regra 9 (tydecs)


Estado 66

   21 fundecs: fundec fundecs .

    $padrão  reduzir usando a regra 21 (fundecs)


Estado 67

   23 lvalue: lvalue DOT ID .
   25       | lvalue DOT ID . LBRACK exp RBRACK

    LBRACK  deslocar, e ir ao estado 95

    $padrão  reduzir usando a regra 23 (lvalue)


Estado 68

   37 exp: exp . PLUS exp
   38    | exp . MINUS exp
   39    | exp . TIMES exp
   40    | exp . DIVIDE exp
   42    | exp . EQ exp
   43    | exp . NEQ exp
   44    | exp . GT exp
   45    | exp . LT exp
   46    | exp . GE exp
   47    | exp . LE exp
   48    | exp . AND exp
   49    | exp . OR exp
   57    | lvalue ASSIGN exp .

    PLUS    deslocar, e ir ao estado 38
    MINUS   deslocar, e ir ao estado 39
    TIMES   deslocar, e ir ao estado 40
    DIVIDE  deslocar, e ir ao estado 41
    EQ      deslocar, e ir ao estado 42
    NEQ     deslocar, e ir ao estado 43
    LT      deslocar, e ir ao estado 44
    LE      deslocar, e ir ao estado 45
    GT      deslocar, e ir ao estado 46
    GE      deslocar, e ir ao estado 47
    AND     deslocar, e ir ao estado 48
    OR      deslocar, e ir ao estado 49

    $padrão  reduzir usando a regra 57 (exp)


Estado 69

   37 exp: exp . PLUS exp
   37    | exp PLUS exp .
   38    | exp . MINUS exp
   39    | exp . TIMES exp
   40    | exp . DIVIDE exp
   42    | exp . EQ exp
   43    | exp . NEQ exp
   44    | exp . GT exp
   45    | exp . LT exp
   46    | exp . GE exp
   47    | exp . LE exp
   48    | exp . AND exp
   49    | exp . OR exp

    TIMES   deslocar, e ir ao estado 40
    DIVIDE  deslocar, e ir ao estado 41

    $padrão  reduzir usando a regra 37 (exp)


Estado 70

   37 exp: exp . PLUS exp
   38    | exp . MINUS exp
   38    | exp MINUS exp .
   39    | exp . TIMES exp
   40    | exp . DIVIDE exp
   42    | exp . EQ exp
   43    | exp . NEQ exp
   44    | exp . GT exp
   45    | exp . LT exp
   46    | exp . GE exp
   47    | exp . LE exp
   48    | exp . AND exp
   49    | exp . OR exp

    TIMES   deslocar, e ir ao estado 40
    DIVIDE  deslocar, e ir ao estado 41

    $padrão  reduzir usando a regra 38 (exp)


Estado 71

   37 exp: exp . PLUS exp
   38    | exp . MINUS exp
   39    | exp . TIMES exp
   39    | exp TIMES exp .
   40    | exp . DIVIDE exp
   42    | exp . EQ exp
   43    | exp . NEQ exp
   44    | exp . GT exp
   45    | exp . LT exp
   46    | exp . GE exp
   47    | exp . LE exp
   48    | exp . AND exp
   49    | exp . OR exp

    $padrão  reduzir usando a regra 39 (exp)


Estado 72

   37 exp: exp . PLUS exp
   38    | exp . MINUS exp
   39    | exp . TIMES exp
   40    | exp . DIVIDE exp
   40    | exp DIVIDE exp .
   42    | exp . EQ exp
   43    | exp . NEQ exp
   44    | exp . GT exp
   45    | exp . LT exp
   46    | exp . GE exp
   47    | exp . LE exp
   48    | exp . AND exp
   49    | exp . OR exp

    $padrão  reduzir usando a regra 40 (exp)


Estado 73

   37 exp: exp . PLUS exp
   38    | exp . MINUS exp
   39    | exp . TIMES exp
   40    | exp . DIVIDE exp
   42    | exp . EQ exp
   42    | exp EQ exp .
   43    | exp . NEQ exp
   44    | exp . GT exp
   45    | exp . LT exp
   46    | exp . GE exp
   47    | exp . LE exp
   48    | exp . AND exp
   49    | exp . OR exp

    PLUS    deslocar, e ir ao estado 38
    MINUS   deslocar, e ir ao estado 39
    TIMES   deslocar, e ir ao estado 40
    DIVIDE  deslocar, e ir ao estado 41

    EQ   erro (não associativo)
    NEQ  erro (não associativo)
    LT   erro (não associativo)
    LE   erro (não associativo)
    GT   erro (não associativo)
    GE   erro (não associativo)

    $padrão  reduzir usando a regra 42 (exp)


Estado 74

   37 exp: exp . PLUS exp
   38    | exp . MINUS exp
   39    | exp . TIMES exp
   40    | exp . DIVIDE exp
   42    | exp . EQ exp
   43    | exp . NEQ exp
   43    | exp NEQ exp .
   44    | exp . GT exp
   45    | exp . LT exp
   46    | exp . GE exp
   47    | exp . LE exp
   48    | exp . AND exp
   49    | exp . OR exp

    PLUS    deslocar, e ir ao estado 38
    MINUS   deslocar, e ir ao estado 39
    TIMES   deslocar, e ir ao estado 40
    DIVIDE  deslocar, e ir ao estado 41

    EQ   erro (não associativo)
    NEQ  erro (não associativo)
    LT   erro (não associativo)
    LE   erro (não associativo)
    GT   erro (não associativo)
    GE   erro (não associativo)

    $padrão  reduzir usando a regra 43 (exp)


Estado 75

   37 exp: exp . PLUS exp
   38    | exp . MINUS exp
   39    | exp . TIMES exp
   40    | exp . DIVIDE exp
   42    | exp . EQ exp
   43    | exp . NEQ exp
   44    | exp . GT exp
   45    | exp . LT exp
   45    | exp LT exp .
   46    | exp . GE exp
   47    | exp . LE exp
   48    | exp . AND exp
   49    | exp . OR exp

    PLUS    deslocar, e ir ao estado 38
    MINUS   deslocar, e ir ao estado 39
    TIMES   deslocar, e ir ao estado 40
    DIVIDE  deslocar, e ir ao estado 41

    EQ   erro (não associativo)
    NEQ  erro (não associativo)
    LT   erro (não associativo)
    LE   erro (não associativo)
    GT   erro (não associativo)
    GE   erro (não associativo)

    $padrão  reduzir usando a regra 45 (exp)


Estado 76

   37 exp: exp . PLUS exp
   38    | exp . MINUS exp
   39    | exp . TIMES exp
   40    | exp . DIVIDE exp
   42    | exp . EQ exp
   43    | exp . NEQ exp
   44    | exp . GT exp
   45    | exp . LT exp
   46    | exp . GE exp
   47    | exp . LE exp
   47    | exp LE exp .
   48    | exp . AND exp
   49    | exp . OR exp

    PLUS    deslocar, e ir ao estado 38
    MINUS   deslocar, e ir ao estado 39
    TIMES   deslocar, e ir ao estado 40
    DIVIDE  deslocar, e ir ao estado 41

    EQ   erro (não associativo)
    NEQ  erro (não associativo)
    LT   erro (não associativo)
    LE   erro (não associativo)
    GT   erro (não associativo)
    GE   erro (não associativo)

    $padrão  reduzir usando a regra 47 (exp)


Estado 77

   37 exp: exp . PLUS exp
   38    | exp . MINUS exp
   39    | exp . TIMES exp
   40    | exp . DIVIDE exp
   42    | exp . EQ exp
   43    | exp . NEQ exp
   44    | exp . GT exp
   44    | exp GT exp .
   45    | exp . LT exp
   46    | exp . GE exp
   47    | exp . LE exp
   48    | exp . AND exp
   49    | exp . OR exp

    PLUS    deslocar, e ir ao estado 38
    MINUS   deslocar, e ir ao estado 39
    TIMES   deslocar, e ir ao estado 40
    DIVIDE  deslocar, e ir ao estado 41

    EQ   erro (não associativo)
    NEQ  erro (não associativo)
    LT   erro (não associativo)
    LE   erro (não associativo)
    GT   erro (não associativo)
    GE   erro (não associativo)

    $padrão  reduzir usando a regra 44 (exp)


Estado 78

   37 exp: exp . PLUS exp
   38    | exp . MINUS exp
   39    | exp . TIMES exp
   40    | exp . DIVIDE exp
   42    | exp . EQ exp
   43    | exp . NEQ exp
   44    | exp . GT exp
   45    | exp . LT exp
   46    | exp . GE exp
   46    | exp GE exp .
   47    | exp . LE exp
   48    | exp . AND exp
   49    | exp . OR exp

    PLUS    deslocar, e ir ao estado 38
    MINUS   deslocar, e ir ao estado 39
    TIMES   deslocar, e ir ao estado 40
    DIVIDE  deslocar, e ir ao estado 41

    EQ   erro (não associativo)
    NEQ  erro (não associativo)
    LT   erro (não associativo)
    LE   erro (não associativo)
    GT   erro (não associativo)
    GE   erro (não associativo)

    $padrão  reduzir usando a regra 46 (exp)


Estado 79

   37 exp: exp . PLUS exp
   38    | exp . MINUS exp
   39    | exp . TIMES exp
   40    | exp . DIVIDE exp
   42    | exp . EQ exp
   43    | exp . NEQ exp
   44    | exp . GT exp
   45    | exp . LT exp
   46    | exp . GE exp
   47    | exp . LE exp
   48    | exp . AND exp
   48    | exp AND exp .
   49    | exp . OR exp

    PLUS    deslocar, e ir ao estado 38
    MINUS   deslocar, e ir ao estado 39
    TIMES   deslocar, e ir ao estado 40
    DIVIDE  deslocar, e ir ao estado 41
    EQ      deslocar, e ir ao estado 42
    NEQ     deslocar, e ir ao estado 43
    LT      deslocar, e ir ao estado 44
    LE      deslocar, e ir ao estado 45
    GT      deslocar, e ir ao estado 46
    GE      deslocar, e ir ao estado 47

    $padrão  reduzir usando a regra 48 (exp)


Estado 80

   37 exp: exp . PLUS exp
   38    | exp . MINUS exp
   39    | exp . TIMES exp
   40    | exp . DIVIDE exp
   42    | exp . EQ exp
   43    | exp . NEQ exp
   44    | exp . GT exp
   45    | exp . LT exp
   46    | exp . GE exp
   47    | exp . LE exp
   48    | exp . AND exp
   49    | exp . OR exp
   49    | exp OR exp .

    PLUS    deslocar, e ir ao estado 38
    MINUS   deslocar, e ir ao estado 39
    TIMES   deslocar, e ir ao estado 40
    DIVIDE  deslocar, e ir ao estado 41
    EQ      deslocar, e ir ao estado 42
    NEQ     deslocar, e ir ao estado 43
    LT      deslocar, e ir ao estado 44
    LE      deslocar, e ir ao estado 45
    GT      deslocar, e ir ao estado 46
    GE      deslocar, e ir ao estado 47
    AND     deslocar, e ir ao estado 48

    $padrão  reduzir usando a regra 49 (exp)


Estado 81

   36 paras: exp COMMA . paras

    ID      deslocar, e ir ao estado 1
    STRING  deslocar, e ir ao estado 2
    INT     deslocar, e ir ao estado 3
    FLOAT   deslocar, e ir ao estado 4
    LPAREN  deslocar, e ir ao estado 5
    MINUS   deslocar, e ir ao estado 6
    IF      deslocar, e ir ao estado 7
    WHILE   deslocar, e ir ao estado 8
    FOR     deslocar, e ir ao estado 9
    LET     deslocar, e ir ao estado 10
    BREAK   deslocar, e ir ao estado 11
    NIL     deslocar, e ir ao estado 12

    $padrão  reduzir usando a regra 34 (paras)

    lvalue  ir ao estado 14
    exp     ir ao estado 50
    paras   ir ao estado 96


Estado 82

   33 exp: ID LPAREN paras RPAREN .

    $padrão  reduzir usando a regra 33 (exp)


Estado 83

   24 lvalue: ID LBRACK exp RBRACK .
   54 exp: ID LBRACK exp RBRACK . OF exp

    OF  deslocar, e ir ao estado 97

    $padrão  reduzir usando a regra 24 (lvalue)


Estado 84

   52 efields: ID EQ . exp
   53        | ID EQ . exp COMMA efields

    ID      deslocar, e ir ao estado 1
    STRING  deslocar, e ir ao estado 2
    INT     deslocar, e ir ao estado 3
    FLOAT   deslocar, e ir ao estado 4
    LPAREN  deslocar, e ir ao estado 5
    MINUS   deslocar, e ir ao estado 6
    IF      deslocar, e ir ao estado 7
    WHILE   deslocar, e ir ao estado 8
    FOR     deslocar, e ir ao estado 9
    LET     deslocar, e ir ao estado 10
    BREAK   deslocar, e ir ao estado 11
    NIL     deslocar, e ir ao estado 12

    lvalue  ir ao estado 14
    exp     ir ao estado 98


Estado 85

   50 exp: ID LBRACE efields RBRACE .

    $padrão  reduzir usando a regra 50 (exp)


Estado 86

   63 explist: exp SEMICOLON explist .

    $padrão  reduzir usando a regra 63 (explist)


Estado 87

   37 exp: exp . PLUS exp
   38    | exp . MINUS exp
   39    | exp . TIMES exp
   40    | exp . DIVIDE exp
   42    | exp . EQ exp
   43    | exp . NEQ exp
   44    | exp . GT exp
   45    | exp . LT exp
   46    | exp . GE exp
   47    | exp . LE exp
   48    | exp . AND exp
   49    | exp . OR exp
   55    | IF exp THEN exp . ELSE exp
   56    | IF exp THEN exp .

    PLUS    deslocar, e ir ao estado 38
    MINUS   deslocar, e ir ao estado 39
    TIMES   deslocar, e ir ao estado 40
    DIVIDE  deslocar, e ir ao estado 41
    EQ      deslocar, e ir ao estado 42
    NEQ     deslocar, e ir ao estado 43
    LT      deslocar, e ir ao estado 44
    LE      deslocar, e ir ao estado 45
    GT      deslocar, e ir ao estado 46
    GE      deslocar, e ir ao estado 47
    AND     deslocar, e ir ao estado 48
    OR      deslocar, e ir ao estado 49
    ELSE    deslocar, e ir ao estado 99

    $padrão  reduzir usando a regra 56 (exp)


Estado 88

   37 exp: exp . PLUS exp
   38    | exp . MINUS exp
   39    | exp . TIMES exp
   40    | exp . DIVIDE exp
   42    | exp . EQ exp
   43    | exp . NEQ exp
   44    | exp . GT exp
   45    | exp . LT exp
   46    | exp . GE exp
   47    | exp . LE exp
   48    | exp . AND exp
   49    | exp . OR exp
   58    | WHILE exp DO exp .

    PLUS    deslocar, e ir ao estado 38
    MINUS   deslocar, e ir ao estado 39
    TIMES   deslocar, e ir ao estado 40
    DIVIDE  deslocar, e ir ao estado 41
    EQ      deslocar, e ir ao estado 42
    NEQ     deslocar, e ir ao estado 43
    LT      deslocar, e ir ao estado 44
    LE      deslocar, e ir ao estado 45
    GT      deslocar, e ir ao estado 46
    GE      deslocar, e ir ao estado 47
    AND     deslocar, e ir ao estado 48
    OR      deslocar, e ir ao estado 49

    $padrão  reduzir usando a regra 58 (exp)


Estado 89

   37 exp: exp . PLUS exp
   38    | exp . MINUS exp
   39    | exp . TIMES exp
   40    | exp . DIVIDE exp
   42    | exp . EQ exp
   43    | exp . NEQ exp
   44    | exp . GT exp
   45    | exp . LT exp
   46    | exp . GE exp
   47    | exp . LE exp
   48    | exp . AND exp
   49    | exp . OR exp
   59    | FOR ID ASSIGN exp . TO exp DO exp

    PLUS    deslocar, e ir ao estado 38
    MINUS   deslocar, e ir ao estado 39
    TIMES   deslocar, e ir ao estado 40
    DIVIDE  deslocar, e ir ao estado 41
    EQ      deslocar, e ir ao estado 42
    NEQ     deslocar, e ir ao estado 43
    LT      deslocar, e ir ao estado 44
    LE      deslocar, e ir ao estado 45
    GT      deslocar, e ir ao estado 46
    GE      deslocar, e ir ao estado 47
    AND     deslocar, e ir ao estado 48
    OR      deslocar, e ir ao estado 49
    TO      deslocar, e ir ao estado 100


Estado 90

   18 fundec: FUNCTION ID LPAREN . tyfields RPAREN EQ exp
   19       | FUNCTION ID LPAREN . tyfields RPAREN COLON ID EQ exp

    ID  deslocar, e ir ao estado 101

    $padrão  reduzir usando a regra 13 (tyfields)

    tyfields  ir ao estado 102


Estado 91

   17 vardec: VAR ID COLON . ID ASSIGN exp

    ID  deslocar, e ir ao estado 103


Estado 92

   16 vardec: VAR ID ASSIGN . exp

    ID      deslocar, e ir ao estado 1
    STRING  deslocar, e ir ao estado 2
    INT     deslocar, e ir ao estado 3
    FLOAT   deslocar, e ir ao estado 4
    LPAREN  deslocar, e ir ao estado 5
    MINUS   deslocar, e ir ao estado 6
    IF      deslocar, e ir ao estado 7
    WHILE   deslocar, e ir ao estado 8
    FOR     deslocar, e ir ao estado 9
    LET     deslocar, e ir ao estado 10
    BREAK   deslocar, e ir ao estado 11
    NIL     deslocar, e ir ao estado 12

    lvalue  ir ao estado 14
    exp     ir ao estado 104


Estado 93

    7 tydec: TYPE ID EQ . ty

    ID      deslocar, e ir ao estado 105
    LBRACE  deslocar, e ir ao estado 106
    ARRAY   deslocar, e ir ao estado 107

    ty  ir ao estado 108


Estado 94

   60 exp: LET decs IN explist . END

    END  deslocar, e ir ao estado 109


Estado 95

   25 lvalue: lvalue DOT ID LBRACK . exp RBRACK

    ID      deslocar, e ir ao estado 1
    STRING  deslocar, e ir ao estado 2
    INT     deslocar, e ir ao estado 3
    FLOAT   deslocar, e ir ao estado 4
    LPAREN  deslocar, e ir ao estado 5
    MINUS   deslocar, e ir ao estado 6
    IF      deslocar, e ir ao estado 7
    WHILE   deslocar, e ir ao estado 8
    FOR     deslocar, e ir ao estado 9
    LET     deslocar, e ir ao estado 10
    BREAK   deslocar, e ir ao estado 11
    NIL     deslocar, e ir ao estado 12

    lvalue  ir ao estado 14
    exp     ir ao estado 110


Estado 96

   36 paras: exp COMMA paras .

    $padrão  reduzir usando a regra 36 (paras)


Estado 97

   54 exp: ID LBRACK exp RBRACK OF . exp

    ID      deslocar, e ir ao estado 1
    STRING  deslocar, e ir ao estado 2
    INT     deslocar, e ir ao estado 3
    FLOAT   deslocar, e ir ao estado 4
    LPAREN  deslocar, e ir ao estado 5
    MINUS   deslocar, e ir ao estado 6
    IF      deslocar, e ir ao estado 7
    WHILE   deslocar, e ir ao estado 8
    FOR     deslocar, e ir ao estado 9
    LET     deslocar, e ir ao estado 10
    BREAK   deslocar, e ir ao estado 11
    NIL     deslocar, e ir ao estado 12

    lvalue  ir ao estado 14
    exp     ir ao estado 111


Estado 98

   37 exp: exp . PLUS exp
   38    | exp . MINUS exp
   39    | exp . TIMES exp
   40    | exp . DIVIDE exp
   42    | exp . EQ exp
   43    | exp . NEQ exp
   44    | exp . GT exp
   45    | exp . LT exp
   46    | exp . GE exp
   47    | exp . LE exp
   48    | exp . AND exp
   49    | exp . OR exp
   52 efields: ID EQ exp .
   53        | ID EQ exp . COMMA efields

    COMMA   deslocar, e ir ao estado 112
    PLUS    deslocar, e ir ao estado 38
    MINUS   deslocar, e ir ao estado 39
    TIMES   deslocar, e ir ao estado 40
    DIVIDE  deslocar, e ir ao estado 41
    EQ      deslocar, e ir ao estado 42
    NEQ     deslocar, e ir ao estado 43
    LT      deslocar, e ir ao estado 44
    LE      deslocar, e ir ao estado 45
    GT      deslocar, e ir ao estado 46
    GE      deslocar, e ir ao estado 47
    AND     deslocar, e ir ao estado 48
    OR      deslocar, e ir ao estado 49

    $padrão  reduzir usando a regra 52 (efields)


Estado 99

   55 exp: IF exp THEN exp ELSE . exp

    ID      deslocar, e ir ao estado 1
    STRING  deslocar, e ir ao estado 2
    INT     deslocar, e ir ao estado 3
    FLOAT   deslocar, e ir ao estado 4
    LPAREN  deslocar, e ir ao estado 5
    MINUS   deslocar, e ir ao estado 6
    IF      deslocar, e ir ao estado 7
    WHILE   deslocar, e ir ao estado 8
    FOR     deslocar, e ir ao estado 9
    LET     deslocar, e ir ao estado 10
    BREAK   deslocar, e ir ao estado 11
    NIL     deslocar, e ir ao estado 12

    lvalue  ir ao estado 14
    exp     ir ao estado 113


Estado 100

   59 exp: FOR ID ASSIGN exp TO . exp DO exp

    ID      deslocar, e ir ao estado 1
    STRING  deslocar, e ir ao estado 2
    INT     deslocar, e ir ao estado 3
    FLOAT   deslocar, e ir ao estado 4
    LPAREN  deslocar, e ir ao estado 5
    MINUS   deslocar, e ir ao estado 6
    IF      deslocar, e ir ao estado 7
    WHILE   deslocar, e ir ao estado 8
    FOR     deslocar, e ir ao estado 9
    LET     deslocar, e ir ao estado 10
    BREAK   deslocar, e ir ao estado 11
    NIL     deslocar, e ir ao estado 12

    lvalue  ir ao estado 14
    exp     ir ao estado 114


Estado 101

   14 tyfields: ID . COLON ID
   15         | ID . COLON ID COMMA tyfields

    COLON  deslocar, e ir ao estado 115


Estado 102

   18 fundec: FUNCTION ID LPAREN tyfields . RPAREN EQ exp
   19       | FUNCTION ID LPAREN tyfields . RPAREN COLON ID EQ exp

    RPAREN  deslocar, e ir ao estado 116


Estado 103

   17 vardec: VAR ID COLON ID . ASSIGN exp

    ASSIGN  deslocar, e ir ao estado 117


Estado 104

   16 vardec: VAR ID ASSIGN exp .
   37 exp: exp . PLUS exp
   38    | exp . MINUS exp
   39    | exp . TIMES exp
   40    | exp . DIVIDE exp
   42    | exp . EQ exp
   43    | exp . NEQ exp
   44    | exp . GT exp
   45    | exp . LT exp
   46    | exp . GE exp
   47    | exp . LE exp
   48    | exp . AND exp
   49    | exp . OR exp

    PLUS    deslocar, e ir ao estado 38
    MINUS   deslocar, e ir ao estado 39
    TIMES   deslocar, e ir ao estado 40
    DIVIDE  deslocar, e ir ao estado 41
    EQ      deslocar, e ir ao estado 42
    NEQ     deslocar, e ir ao estado 43
    LT      deslocar, e ir ao estado 44
    LE      deslocar, e ir ao estado 45
    GT      deslocar, e ir ao estado 46
    GE      deslocar, e ir ao estado 47
    AND     deslocar, e ir ao estado 48
    OR      deslocar, e ir ao estado 49

    $padrão  reduzir usando a regra 16 (vardec)


Estado 105

   10 ty: ID .

    $padrão  reduzir usando a regra 10 (ty)


Estado 106

   11 ty: LBRACE . tyfields RBRACE

    ID  deslocar, e ir ao estado 101

    $padrão  reduzir usando a regra 13 (tyfields)

    tyfields  ir ao estado 118


Estado 107

   12 ty: ARRAY . OF ID

    OF  deslocar, e ir ao estado 119


Estado 108

    7 tydec: TYPE ID EQ ty .

    $padrão  reduzir usando a regra 7 (tydec)


Estado 109

   60 exp: LET decs IN explist END .

    $padrão  reduzir usando a regra 60 (exp)


Estado 110

   25 lvalue: lvalue DOT ID LBRACK exp . RBRACK
   37 exp: exp . PLUS exp
   38    | exp . MINUS exp
   39    | exp . TIMES exp
   40    | exp . DIVIDE exp
   42    | exp . EQ exp
   43    | exp . NEQ exp
   44    | exp . GT exp
   45    | exp . LT exp
   46    | exp . GE exp
   47    | exp . LE exp
   48    | exp . AND exp
   49    | exp . OR exp

    RBRACK  deslocar, e ir ao estado 120
    PLUS    deslocar, e ir ao estado 38
    MINUS   deslocar, e ir ao estado 39
    TIMES   deslocar, e ir ao estado 40
    DIVIDE  deslocar, e ir ao estado 41
    EQ      deslocar, e ir ao estado 42
    NEQ     deslocar, e ir ao estado 43
    LT      deslocar, e ir ao estado 44
    LE      deslocar, e ir ao estado 45
    GT      deslocar, e ir ao estado 46
    GE      deslocar, e ir ao estado 47
    AND     deslocar, e ir ao estado 48
    OR      deslocar, e ir ao estado 49


Estado 111

   37 exp: exp . PLUS exp
   38    | exp . MINUS exp
   39    | exp . TIMES exp
   40    | exp . DIVIDE exp
   42    | exp . EQ exp
   43    | exp . NEQ exp
   44    | exp . GT exp
   45    | exp . LT exp
   46    | exp . GE exp
   47    | exp . LE exp
   48    | exp . AND exp
   49    | exp . OR exp
   54    | ID LBRACK exp RBRACK OF exp .

    PLUS    deslocar, e ir ao estado 38
    MINUS   deslocar, e ir ao estado 39
    TIMES   deslocar, e ir ao estado 40
    DIVIDE  deslocar, e ir ao estado 41
    EQ      deslocar, e ir ao estado 42
    NEQ     deslocar, e ir ao estado 43
    LT      deslocar, e ir ao estado 44
    LE      deslocar, e ir ao estado 45
    GT      deslocar, e ir ao estado 46
    GE      deslocar, e ir ao estado 47
    AND     deslocar, e ir ao estado 48
    OR      deslocar, e ir ao estado 49

    $padrão  reduzir usando a regra 54 (exp)


Estado 112

   53 efields: ID EQ exp COMMA . efields

    ID  deslocar, e ir ao estado 53

    $padrão  reduzir usando a regra 51 (efields)

    efields  ir ao estado 121


Estado 113

   37 exp: exp . PLUS exp
   38    | exp . MINUS exp
   39    | exp . TIMES exp
   40    | exp . DIVIDE exp
   42    | exp . EQ exp
   43    | exp . NEQ exp
   44    | exp . GT exp
   45    | exp . LT exp
   46    | exp . GE exp
   47    | exp . LE exp
   48    | exp . AND exp
   49    | exp . OR exp
   55    | IF exp THEN exp ELSE exp .

    PLUS    deslocar, e ir ao estado 38
    MINUS   deslocar, e ir ao estado 39
    TIMES   deslocar, e ir ao estado 40
    DIVIDE  deslocar, e ir ao estado 41
    EQ      deslocar, e ir ao estado 42
    NEQ     deslocar, e ir ao estado 43
    LT      deslocar, e ir ao estado 44
    LE      deslocar, e ir ao estado 45
    GT      deslocar, e ir ao estado 46
    GE      deslocar, e ir ao estado 47
    AND     deslocar, e ir ao estado 48
    OR      deslocar, e ir ao estado 49

    $padrão  reduzir usando a regra 55 (exp)


Estado 114

   37 exp: exp . PLUS exp
   38    | exp . MINUS exp
   39    | exp . TIMES exp
   40    | exp . DIVIDE exp
   42    | exp . EQ exp
   43    | exp . NEQ exp
   44    | exp . GT exp
   45    | exp . LT exp
   46    | exp . GE exp
   47    | exp . LE exp
   48    | exp . AND exp
   49    | exp . OR exp
   59    | FOR ID ASSIGN exp TO exp . DO exp

    PLUS    deslocar, e ir ao estado 38
    MINUS   deslocar, e ir ao estado 39
    TIMES   deslocar, e ir ao estado 40
    DIVIDE  deslocar, e ir ao estado 41
    EQ      deslocar, e ir ao estado 42
    NEQ     deslocar, e ir ao estado 43
    LT      deslocar, e ir ao estado 44
    LE      deslocar, e ir ao estado 45
    GT      deslocar, e ir ao estado 46
    GE      deslocar, e ir ao estado 47
    AND     deslocar, e ir ao estado 48
    OR      deslocar, e ir ao estado 49
    DO      deslocar, e ir ao estado 122


Estado 115

   14 tyfields: ID COLON . ID
   15         | ID COLON . ID COMMA tyfields

    ID  deslocar, e ir ao estado 123


Estado 116

   18 fundec: FUNCTION ID LPAREN tyfields RPAREN . EQ exp
   19       | FUNCTION ID LPAREN tyfields RPAREN . COLON ID EQ exp

    COLON  deslocar, e ir ao estado 124
    EQ     deslocar, e ir ao estado 125


Estado 117

   17 vardec: VAR ID COLON ID ASSIGN . exp

    ID      deslocar, e ir ao estado 1
    STRING  deslocar, e ir ao estado 2
    INT     deslocar, e ir ao estado 3
    FLOAT   deslocar, e ir ao estado 4
    LPAREN  deslocar, e ir ao estado 5
    MINUS   deslocar, e ir ao estado 6
    IF      deslocar, e ir ao estado 7
    WHILE   deslocar, e ir ao estado 8
    FOR     deslocar, e ir ao estado 9
    LET     deslocar, e ir ao estado 10
    BREAK   deslocar, e ir ao estado 11
    NIL     deslocar, e ir ao estado 12

    lvalue  ir ao estado 14
    exp     ir ao estado 126


Estado 118

   11 ty: LBRACE tyfields . RBRACE

    RBRACE  deslocar, e ir ao estado 127


Estado 119

   12 ty: ARRAY OF . ID

    ID  deslocar, e ir ao estado 128


Estado 120

   25 lvalue: lvalue DOT ID LBRACK exp RBRACK .

    $padrão  reduzir usando a regra 25 (lvalue)


Estado 121

   53 efields: ID EQ exp COMMA efields .

    $padrão  reduzir usando a regra 53 (efields)


Estado 122

   59 exp: FOR ID ASSIGN exp TO exp DO . exp

    ID      deslocar, e ir ao estado 1
    STRING  deslocar, e ir ao estado 2
    INT     deslocar, e ir ao estado 3
    FLOAT   deslocar, e ir ao estado 4
    LPAREN  deslocar, e ir ao estado 5
    MINUS   deslocar, e ir ao estado 6
    IF      deslocar, e ir ao estado 7
    WHILE   deslocar, e ir ao estado 8
    FOR     deslocar, e ir ao estado 9
    LET     deslocar, e ir ao estado 10
    BREAK   deslocar, e ir ao estado 11
    NIL     deslocar, e ir ao estado 12

    lvalue  ir ao estado 14
    exp     ir ao estado 129


Estado 123

   14 tyfields: ID COLON ID .
   15         | ID COLON ID . COMMA tyfields

    COMMA  deslocar, e ir ao estado 130

    $padrão  reduzir usando a regra 14 (tyfields)


Estado 124

   19 fundec: FUNCTION ID LPAREN tyfields RPAREN COLON . ID EQ exp

    ID  deslocar, e ir ao estado 131


Estado 125

   18 fundec: FUNCTION ID LPAREN tyfields RPAREN EQ . exp

    ID      deslocar, e ir ao estado 1
    STRING  deslocar, e ir ao estado 2
    INT     deslocar, e ir ao estado 3
    FLOAT   deslocar, e ir ao estado 4
    LPAREN  deslocar, e ir ao estado 5
    MINUS   deslocar, e ir ao estado 6
    IF      deslocar, e ir ao estado 7
    WHILE   deslocar, e ir ao estado 8
    FOR     deslocar, e ir ao estado 9
    LET     deslocar, e ir ao estado 10
    BREAK   deslocar, e ir ao estado 11
    NIL     deslocar, e ir ao estado 12

    lvalue  ir ao estado 14
    exp     ir ao estado 132


Estado 126

   17 vardec: VAR ID COLON ID ASSIGN exp .
   37 exp: exp . PLUS exp
   38    | exp . MINUS exp
   39    | exp . TIMES exp
   40    | exp . DIVIDE exp
   42    | exp . EQ exp
   43    | exp . NEQ exp
   44    | exp . GT exp
   45    | exp . LT exp
   46    | exp . GE exp
   47    | exp . LE exp
   48    | exp . AND exp
   49    | exp . OR exp

    PLUS    deslocar, e ir ao estado 38
    MINUS   deslocar, e ir ao estado 39
    TIMES   deslocar, e ir ao estado 40
    DIVIDE  deslocar, e ir ao estado 41
    EQ      deslocar, e ir ao estado 42
    NEQ     deslocar, e ir ao estado 43
    LT      deslocar, e ir ao estado 44
    LE      deslocar, e ir ao estado 45
    GT      deslocar, e ir ao estado 46
    GE      deslocar, e ir ao estado 47
    AND     deslocar, e ir ao estado 48
    OR      deslocar, e ir ao estado 49

    $padrão  reduzir usando a regra 17 (vardec)


Estado 127

   11 ty: LBRACE tyfields RBRACE .

    $padrão  reduzir usando a regra 11 (ty)


Estado 128

   12 ty: ARRAY OF ID .

    $padrão  reduzir usando a regra 12 (ty)


Estado 129

   37 exp: exp . PLUS exp
   38    | exp . MINUS exp
   39    | exp . TIMES exp
   40    | exp . DIVIDE exp
   42    | exp . EQ exp
   43    | exp . NEQ exp
   44    | exp . GT exp
   45    | exp . LT exp
   46    | exp . GE exp
   47    | exp . LE exp
   48    | exp . AND exp
   49    | exp . OR exp
   59    | FOR ID ASSIGN exp TO exp DO exp .

    PLUS    deslocar, e ir ao estado 38
    MINUS   deslocar, e ir ao estado 39
    TIMES   deslocar, e ir ao estado 40
    DIVIDE  deslocar, e ir ao estado 41
    EQ      deslocar, e ir ao estado 42
    NEQ     deslocar, e ir ao estado 43
    LT      deslocar, e ir ao estado 44
    LE      deslocar, e ir ao estado 45
    GT      deslocar, e ir ao estado 46
    GE      deslocar, e ir ao estado 47
    AND     deslocar, e ir ao estado 48
    OR      deslocar, e ir ao estado 49

    $padrão  reduzir usando a regra 59 (exp)


Estado 130

   15 tyfields: ID COLON ID COMMA . tyfields

    ID  deslocar, e ir ao estado 101

    $padrão  reduzir usando a regra 13 (tyfields)

    tyfields  ir ao estado 133


Estado 131

   19 fundec: FUNCTION ID LPAREN tyfields RPAREN COLON ID . EQ exp

    EQ  deslocar, e ir ao estado 134


Estado 132

   18 fundec: FUNCTION ID LPAREN tyfields RPAREN EQ exp .
   37 exp: exp . PLUS exp
   38    | exp . MINUS exp
   39    | exp . TIMES exp
   40    | exp . DIVIDE exp
   42    | exp . EQ exp
   43    | exp . NEQ exp
   44    | exp . GT exp
   45    | exp . LT exp
   46    | exp . GE exp
   47    | exp . LE exp
   48    | exp . AND exp
   49    | exp . OR exp

    PLUS    deslocar, e ir ao estado 38
    MINUS   deslocar, e ir ao estado 39
    TIMES   deslocar, e ir ao estado 40
    DIVIDE  deslocar, e ir ao estado 41
    EQ      deslocar, e ir ao estado 42
    NEQ     deslocar, e ir ao estado 43
    LT      deslocar, e ir ao estado 44
    LE      deslocar, e ir ao estado 45
    GT      deslocar, e ir ao estado 46
    GE      deslocar, e ir ao estado 47
    AND     deslocar, e ir ao estado 48
    OR      deslocar, e ir ao estado 49

    $padrão  reduzir usando a regra 18 (fundec)


Estado 133

   15 tyfields: ID COLON ID COMMA tyfields .

    $padrão  reduzir usando a regra 15 (tyfields)


Estado 134

   19 fundec: FUNCTION ID LPAREN tyfields RPAREN COLON ID EQ . exp

    ID      deslocar, e ir ao estado 1
    STRING  deslocar, e ir ao estado 2
    INT     deslocar, e ir ao estado 3
    FLOAT   deslocar, e ir ao estado 4
    LPAREN  deslocar, e ir ao estado 5
    MINUS   deslocar, e ir ao estado 6
    IF      deslocar, e ir ao estado 7
    WHILE   deslocar, e ir ao estado 8
    FOR     deslocar, e ir ao estado 9
    LET     deslocar, e ir ao estado 10
    BREAK   deslocar, e ir ao estado 11
    NIL     deslocar, e ir ao estado 12

    lvalue  ir ao estado 14
    exp     ir ao estado 135


Estado 135

   19 fundec: FUNCTION ID LPAREN tyfields RPAREN COLON ID EQ exp .
   37 exp: exp . PLUS exp
   38    | exp . MINUS exp
   39    | exp . TIMES exp
   40    | exp . DIVIDE exp
   42    | exp . EQ exp
   43    | exp . NEQ exp
   44    | exp . GT exp
   45    | exp . LT exp
   46    | exp . GE exp
   47    | exp . LE exp
   48    | exp . AND exp
   49    | exp . OR exp

    PLUS    deslocar, e ir ao estado 38
    MINUS   deslocar, e ir ao estado 39
    TIMES   deslocar, e ir ao estado 40
    DIVIDE  deslocar, e ir ao estado 41
    EQ      deslocar, e ir ao estado 42
    NEQ     deslocar, e ir ao estado 43
    LT      deslocar, e ir ao estado 44
    LE      deslocar, e ir ao estado 45
    GT      deslocar, e ir ao estado 46
    GE      deslocar, e ir ao estado 47
    AND     deslocar, e ir ao estado 48
    OR      deslocar, e ir ao estado 49

    $padrão  reduzir usando a regra 19 (fundec)
